[    0.000000] Initializing cgroup subsys cpuset
[    0.000000] Initializing cgroup subsys cpu
[    0.000000] Initializing cgroup subsys cpuacct
[    0.000000] Linux version 4.4.0-124-generic (buildd@lcy01-amd64-028) (gcc version 5.4.0 20160609 (Ubuntu 5.4.0-6ubuntu1~16.04.9) ) #148-Ubuntu SMP Wed May 2 13:00:18 UTC 2018 (Ubuntu 4.4.0-124.148-generic 4.4.117)
[    0.000000] Command line: BOOT_IMAGE=/boot/vmlinuz-4.4.0-124-generic root=LABEL=cloudimg-rootfs ro console=tty1 console=ttyS0
[    0.000000] KERNEL supported cpus:
[    0.000000]   Intel GenuineIntel
[    0.000000]   AMD AuthenticAMD
[    0.000000]   Centaur CentaurHauls
[    0.000000] x86/fpu: xstate_offset[2]:  576, xstate_sizes[2]:  256
[    0.000000] x86/fpu: Supporting XSAVE feature 0x01: 'x87 floating point registers'
[    0.000000] x86/fpu: Supporting XSAVE feature 0x02: 'SSE registers'
[    0.000000] x86/fpu: Supporting XSAVE feature 0x04: 'AVX registers'
[    0.000000] x86/fpu: Enabled xstate features 0x7, context size is 832 bytes, using 'standard' format.
[    0.000000] x86/fpu: Using 'lazy' FPU context switches.
[    0.000000] e820: BIOS-provided physical RAM map:
[    0.000000] BIOS-e820: [mem 0x0000000000000000-0x000000000009fbff] usable
[    0.000000] BIOS-e820: [mem 0x000000000009fc00-0x000000000009ffff] reserved
[    0.000000] BIOS-e820: [mem 0x00000000000f0000-0x00000000000fffff] reserved
[    0.000000] BIOS-e820: [mem 0x0000000000100000-0x000000003ffeffff] usable
[    0.000000] BIOS-e820: [mem 0x000000003fff0000-0x000000003fffffff] ACPI data
[    0.000000] BIOS-e820: [mem 0x00000000fec00000-0x00000000fec00fff] reserved
[    0.000000] BIOS-e820: [mem 0x00000000fee00000-0x00000000fee00fff] reserved
[    0.000000] BIOS-e820: [mem 0x00000000fffc0000-0x00000000ffffffff] reserved
[    0.000000] NX (Execute Disable) protection: active
[    0.000000] SMBIOS 2.5 present.
[    0.000000] Hypervisor detected: KVM
[    0.000000] e820: last_pfn = 0x3fff0 max_arch_pfn = 0x400000000
[    0.000000] MTRR: Disabled
[    0.000000] x86/PAT: MTRRs disabled, skipping PAT initialization too.
[    0.000000] CPU MTRRs all blank - virtualized system.
[    0.000000] x86/PAT: Configuration [0-7]: WB  WT  UC- UC  WB  WT  UC- UC  
[    0.000000] found SMP MP-table at [mem 0x0009fff0-0x0009ffff] mapped at [ffff88000009fff0]
[    0.000000] Scanning 1 areas for low memory corruption
[    0.000000] RAMDISK: [mem 0x36aa0000-0x37547fff]
[    0.000000] ACPI: Early table checksum verification disabled
[    0.000000] ACPI: RSDP 0x00000000000E0000 000024 (v02 VBOX  )
[    0.000000] ACPI: XSDT 0x000000003FFF0030 00003C (v01 VBOX   VBOXXSDT 00000001 ASL  00000061)
[    0.000000] ACPI: FACP 0x000000003FFF00F0 0000F4 (v04 VBOX   VBOXFACP 00000001 ASL  00000061)
[    0.000000] ACPI: DSDT 0x000000003FFF0470 0021FF (v02 VBOX   VBOXBIOS 00000002 INTL 20100528)
[    0.000000] ACPI: FACS 0x000000003FFF0200 000040
[    0.000000] ACPI: FACS 0x000000003FFF0200 000040
[    0.000000] ACPI: APIC 0x000000003FFF0240 000054 (v02 VBOX   VBOXAPIC 00000001 ASL  00000061)
[    0.000000] ACPI: SSDT 0x000000003FFF02A0 0001CC (v01 VBOX   VBOXCPUT 00000002 INTL 20100528)
[    0.000000] No NUMA configuration found
[    0.000000] Faking a node at [mem 0x0000000000000000-0x000000003ffeffff]
[    0.000000] NODE_DATA(0) allocated [mem 0x3ffeb000-0x3ffeffff]
[    0.000000] kvm-clock: Using msrs 4b564d01 and 4b564d00
[    0.000000] kvm-clock: cpu 0, msr 0:3ffe3001, primary cpu clock
[    0.000000] kvm-clock: using sched offset of 4721655453 cycles
[    0.000000] clocksource: kvm-clock: mask: 0xffffffffffffffff max_cycles: 0x1cd42e4dffb, max_idle_ns: 881590591483 ns
[    0.000000] Zone ranges:
[    0.000000]   DMA      [mem 0x0000000000001000-0x0000000000ffffff]
[    0.000000]   DMA32    [mem 0x0000000001000000-0x000000003ffeffff]
[    0.000000]   Normal   empty
[    0.000000]   Device   empty
[    0.000000] Movable zone start for each node
[    0.000000] Early memory node ranges
[    0.000000]   node   0: [mem 0x0000000000001000-0x000000000009efff]
[    0.000000]   node   0: [mem 0x0000000000100000-0x000000003ffeffff]
[    0.000000] Initmem setup node 0 [mem 0x0000000000001000-0x000000003ffeffff]
[    0.000000] ACPI: PM-Timer IO Port: 0x4008
[    0.000000] IOAPIC[0]: apic_id 1, version 32, address 0xfec00000, GSI 0-23
[    0.000000] ACPI: INT_SRC_OVR (bus 0 bus_irq 0 global_irq 2 dfl dfl)
[    0.000000] ACPI: INT_SRC_OVR (bus 0 bus_irq 9 global_irq 9 high level)
[    0.000000] Using ACPI (MADT) for SMP configuration information
[    0.000000] smpboot: Allowing 1 CPUs, 0 hotplug CPUs
[    0.000000] PM: Registered nosave memory: [mem 0x00000000-0x00000fff]
[    0.000000] PM: Registered nosave memory: [mem 0x0009f000-0x0009ffff]
[    0.000000] PM: Registered nosave memory: [mem 0x000a0000-0x000effff]
[    0.000000] PM: Registered nosave memory: [mem 0x000f0000-0x000fffff]
[    0.000000] e820: [mem 0x40000000-0xfebfffff] available for PCI devices
[    0.000000] Booting paravirtualized kernel on KVM
[    0.000000] clocksource: refined-jiffies: mask: 0xffffffff max_cycles: 0xffffffff, max_idle_ns: 7645519600211568 ns
[    0.000000] setup_percpu: NR_CPUS:512 nr_cpumask_bits:512 nr_cpu_ids:1 nr_node_ids:1
[    0.000000] PERCPU: Embedded 34 pages/cpu @ffff88003fc00000 s99544 r8192 d31528 u2097152
[    0.000000] PV qspinlock hash table entries: 256 (order: 0, 4096 bytes)
[    0.000000] Built 1 zonelists in Node order, mobility grouping on.  Total pages: 257912
[    0.000000] Policy zone: DMA32
[    0.000000] Kernel command line: BOOT_IMAGE=/boot/vmlinuz-4.4.0-124-generic root=LABEL=cloudimg-rootfs ro console=tty1 console=ttyS0
[    0.000000] PID hash table entries: 4096 (order: 3, 32768 bytes)
[    0.000000] Memory: 1001748K/1048120K available (8532K kernel code, 1313K rwdata, 3996K rodata, 1508K init, 1316K bss, 46372K reserved, 0K cma-reserved)
[    0.000000] SLUB: HWalign=64, Order=0-3, MinObjects=0, CPUs=1, Nodes=1
[    0.000000] Kernel/User page tables isolation: enabled
[    0.000000] Hierarchical RCU implementation.
[    0.000000] 	Build-time adjustment of leaf fanout to 64.
[    0.000000] 	RCU restricting CPUs from NR_CPUS=512 to nr_cpu_ids=1.
[    0.000000] RCU: Adjusting geometry for rcu_fanout_leaf=64, nr_cpu_ids=1
[    0.000000] NR_IRQS:33024 nr_irqs:256 16
[    0.000000] Console: colour VGA+ 80x25
[    0.000000] console [tty1] enabled
[    0.000000] console [ttyS0] enabled
[    0.000000] tsc: Detected 2494.342 MHz processor
[    1.523263] Calibrating delay loop (skipped) preset value.. 4988.68 BogoMIPS (lpj=9977368)
[    1.527244] pid_max: default: 32768 minimum: 301
[    1.528759] ACPI: Core revision 20150930
[    1.535227] ACPI: 2 ACPI AML tables successfully acquired and loaded
[    1.540858] Security Framework initialized
[    1.545828] Yama: becoming mindful.
[    1.552078] AppArmor: AppArmor initialized
[    1.555712] Dentry cache hash table entries: 131072 (order: 8, 1048576 bytes)
[    1.567037] Inode-cache hash table entries: 65536 (order: 7, 524288 bytes)
[    1.569273] Mount-cache hash table entries: 2048 (order: 2, 16384 bytes)
[    1.573412] Mountpoint-cache hash table entries: 2048 (order: 2, 16384 bytes)
[    1.575668] Initializing cgroup subsys io
[    1.584115] Initializing cgroup subsys memory
[    1.587183] Initializing cgroup subsys devices
[    1.590844] Initializing cgroup subsys freezer
[    1.592230] Initializing cgroup subsys net_cls
[    1.593597] Initializing cgroup subsys perf_event
[    1.595045] Initializing cgroup subsys net_prio
[    1.598962] Initializing cgroup subsys hugetlb
[    1.607766] Initializing cgroup subsys pids
[    1.620859] CPU: Physical Processor ID: 0
[    1.622185] FEATURE SPEC_CTRL Not Present
[    1.623790] mce: CPU supports 0 MCE banks
[    1.624973] process: using mwait in idle threads
[    1.628606] Last level iTLB entries: 4KB 512, 2MB 8, 4MB 8
[    1.632088] Last level dTLB entries: 4KB 512, 2MB 32, 4MB 32, 1GB 0
[    1.635635] Spectre V2 mitigation: Mitigation: Full generic retpoline
[    1.639471] Spectre V2 mitigation: Speculation control IBPB not-supported IBRS not-supported
[    1.681344] Freeing SMP alternatives memory: 32K
[    1.694705] ftrace: allocating 32202 entries in 126 pages
[    1.777388] smpboot: APIC(0) Converting physical 0 to logical package 0
[    1.790666] smpboot: Max logical packages: 1
[    1.792407] x2apic enabled
[    1.793731] Switched APIC routing to physical x2apic.
[    1.804103] ..TIMER: vector=0x30 apic1=0 pin1=2 apic2=-1 pin2=-1
[    1.922127] smpboot: CPU0: Intel(R) Core(TM) i5-3210M CPU @ 2.50GHz (family: 0x6, model: 0x3a, stepping: 0x9)
[    1.928113] Performance Events: unsupported p6 CPU model 58 no PMU driver, software events only.
[    1.936411] KVM setup paravirtual spinlock
[    1.940423] x86: Booted up 1 node, 1 CPUs
[    1.944279] smpboot: Total of 1 processors activated (4988.68 BogoMIPS)
[    1.948615] devtmpfs: initialized
[    1.956150] evm: security.selinux
[    1.962534] evm: security.SMACK64
[    1.966442] evm: security.SMACK64EXEC
[    1.973339] evm: security.SMACK64TRANSMUTE
[    1.976101] evm: security.SMACK64MMAP
[    1.982441] evm: security.ima
[    1.985190] evm: security.capability
[    1.989540] clocksource: jiffies: mask: 0xffffffff max_cycles: 0xffffffff, max_idle_ns: 7645041785100000 ns
[    1.993792] futex hash table entries: 256 (order: 2, 16384 bytes)
[    2.001067] pinctrl core: initialized pinctrl subsystem
[    2.004792] RTC time: 20:57:53, date: 12/15/18
[    2.007709] NET: Registered protocol family 16
[    2.009543] cpuidle: using governor ladder
[    2.015575] cpuidle: using governor menu
[    2.018449] PCCT header not found.
[    2.021430] ACPI: bus type PCI registered
[    2.026221] acpiphp: ACPI Hot Plug PCI Controller Driver version: 0.5
[    2.039589] PCI: Using configuration type 1 for base access
[    2.045334] ACPI: Added _OSI(Module Device)
[    2.051206] ACPI: Added _OSI(Processor Device)
[    2.054865] ACPI: Added _OSI(3.0 _SCP Extensions)
[    2.058079] ACPI: Added _OSI(Processor Aggregator Device)
[    2.062782] ACPI: Executed 1 blocks of module-level executable AML code
[    2.079802] ACPI: Interpreter enabled
[    2.083893] ACPI: (supports S0 S5)
[    2.088282] ACPI: Using IOAPIC for interrupt routing
[    2.095103] PCI: Using host bridge windows from ACPI; if necessary, use "pci=nocrs" and report a bug
[    2.113505] ACPI: PCI Root Bridge [PCI0] (domain 0000 [bus 00-ff])
[    2.119105] acpi PNP0A03:00: _OSC: OS supports [ASPM ClockPM Segments MSI]
[    2.123882] acpi PNP0A03:00: _OSC: not requesting OS control; OS requires [ExtendedConfig ASPM ClockPM MSI]
[    2.126510] acpi PNP0A03:00: fail to add MMCONFIG information, can't access extended PCI configuration space under this bridge.
[    2.144137] PCI host bridge to bus 0000:00
[    2.147908] pci_bus 0000:00: root bus resource [io  0x0000-0x0cf7 window]
[    2.151181] pci_bus 0000:00: root bus resource [io  0x0d00-0xffff window]
[    2.153034] pci_bus 0000:00: root bus resource [mem 0x000a0000-0x000bffff window]
[    2.155405] pci_bus 0000:00: root bus resource [mem 0x40000000-0xffdfffff window]
[    2.158872] pci_bus 0000:00: root bus resource [bus 00-ff]
[    2.162170] pci 0000:00:01.1: legacy IDE quirk: reg 0x10: [io  0x01f0-0x01f7]
[    2.167423] pci 0000:00:01.1: legacy IDE quirk: reg 0x14: [io  0x03f6]
[    2.170034] pci 0000:00:01.1: legacy IDE quirk: reg 0x18: [io  0x0170-0x0177]
[    2.171452] pci 0000:00:01.1: legacy IDE quirk: reg 0x1c: [io  0x0376]
[    2.192790] pci 0000:00:07.0: quirk: [io  0x4000-0x403f] claimed by PIIX4 ACPI
[    2.213504] pci 0000:00:07.0: quirk: [io  0x4100-0x410f] claimed by PIIX4 SMB
[    2.234460] ACPI: PCI Interrupt Link [LNKA] (IRQs 5 9 10 *11)
[    2.245622] ACPI: PCI Interrupt Link [LNKB] (IRQs 5 9 10 *11)
[    2.252376] ACPI: PCI Interrupt Link [LNKC] (IRQs 5 9 *10 11)
[    2.254811] ACPI: PCI Interrupt Link [LNKD] (IRQs 5 *9 10 11)
[    2.257293] ACPI: Enabled 2 GPEs in block 00 to 07
[    2.262423] vgaarb: setting as boot device: PCI:0000:00:02.0
[    2.268876] vgaarb: device added: PCI:0000:00:02.0,decodes=io+mem,owns=io+mem,locks=none
[    2.273492] vgaarb: loaded
[    2.274507] vgaarb: bridge control possible 0000:00:02.0
[    2.276493] SCSI subsystem initialized
[    2.286373] ACPI: bus type USB registered
[    2.291228] usbcore: registered new interface driver usbfs
[    2.294172] usbcore: registered new interface driver hub
[    2.299958] usbcore: registered new device driver usb
[    2.304388] PCI: Using ACPI for IRQ routing
[    2.306079] NetLabel: Initializing
[    2.310310] NetLabel:  domain hash size = 128
[    2.314647] NetLabel:  protocols = UNLABELED CIPSOv4
[    2.325725] NetLabel:  unlabeled traffic allowed by default
[    2.330256] amd_nb: Cannot enumerate AMD northbridges
[    2.347843] clocksource: Switched to clocksource kvm-clock
[    2.367914] AppArmor: AppArmor Filesystem Enabled
[    2.385552] pnp: PnP ACPI init
[    2.390200] pnp: PnP ACPI: found 3 devices
[    2.400445] clocksource: acpi_pm: mask: 0xffffff max_cycles: 0xffffff, max_idle_ns: 2085701024 ns
[    2.411733] NET: Registered protocol family 2
[    2.414519] TCP established hash table entries: 8192 (order: 4, 65536 bytes)
[    2.416473] TCP bind hash table entries: 8192 (order: 5, 131072 bytes)
[    2.422355] TCP: Hash tables configured (established 8192 bind 8192)
[    2.424234] UDP hash table entries: 512 (order: 2, 16384 bytes)
[    2.426011] UDP-Lite hash table entries: 512 (order: 2, 16384 bytes)
[    2.434673] NET: Registered protocol family 1
[    2.447243] pci 0000:00:00.0: Limiting direct PCI/PCI transfers
[    2.451162] pci 0000:00:01.0: Activating ISA DMA hang workarounds
[    2.453198] Unpacking initramfs...
[    4.695375] Freeing initrd memory: 10912K
[    4.703472] RAPL PMU detected, API unit is 2^-32 Joules, 3 fixed counters 10737418240 ms ovfl timer
[    4.705415] hw unit of domain pp0-core 2^-0 Joules
[    4.706452] hw unit of domain package 2^-0 Joules
[    4.710915] hw unit of domain pp1-gpu 2^-0 Joules
[    4.712030] platform rtc_cmos: registered platform RTC device (no PNP device found)
[    4.721296] Scanning for low memory corruption every 60 seconds
[    4.729874] audit: initializing netlink subsys (disabled)
[    4.739195] audit: type=2000 audit(1544907480.506:1): initialized
[    4.757233] Initialise system trusted keyring
[    4.761413] HugeTLB registered 2 MB page size, pre-allocated 0 pages
[    4.771292] zbud: loaded
[    4.774129] VFS: Disk quotas dquot_6.6.0
[    4.776318] VFS: Dquot-cache hash table entries: 512 (order 0, 4096 bytes)
[    4.782245] squashfs: version 4.0 (2009/01/31) Phillip Lougher
[    4.785336] fuse init (API version 7.23)
[    4.791527] Key type big_key registered
[    4.792457] Allocating IMA MOK and blacklist keyrings.
[    4.793821] Key type asymmetric registered
[    4.794724] Asymmetric key parser 'x509' registered
[    4.807084] Block layer SCSI generic (bsg) driver version 0.4 loaded (major 249)
[    4.866989] io scheduler noop registered
[    4.877461] io scheduler deadline registered (default)
[    4.883360] io scheduler cfq registered
[    4.884863] pci_hotplug: PCI Hot Plug PCI Core version: 0.5
[    4.898197] pciehp: PCI Express Hot Plug Controller Driver version: 0.4
[    4.909969] ACPI: AC Adapter [AC] (on-line)
[    4.910937] input: Power Button as /devices/LNXSYSTM:00/LNXPWRBN:00/input/input0
[    4.913019] ACPI: Power Button [PWRF]
[    4.917593] input: Sleep Button as /devices/LNXSYSTM:00/LNXSLPBN:00/input/input1
[    4.919345] ACPI: Sleep Button [SLPF]
[    4.921122] ACPI: Battery Slot [BAT0] (battery present)
[    4.926127] GHES: HEST is not enabled!
[    4.940456] Serial: 8250/16550 driver, 32 ports, IRQ sharing enabled
[    4.979301] 00:02: ttyS0 at I/O 0x3f8 (irq = 4, base_baud = 115200) is a 16550A
[    5.030440] Linux agpgart interface v0.103
[    5.081303] loop: module loaded
[    5.114733] scsi host0: ata_piix
[    5.123929] scsi host1: ata_piix
[    5.129382] ata1: PATA max UDMA/33 cmd 0x1f0 ctl 0x3f6 bmdma 0xd000 irq 14
[    5.137366] ata2: PATA max UDMA/33 cmd 0x170 ctl 0x376 bmdma 0xd008 irq 15
[    5.141887] libphy: Fixed MDIO Bus: probed
[    5.152142] tun: Universal TUN/TAP device driver, 1.6
[    5.155386] tun: (C) 1999-2004 Max Krasnyansky <maxk@qualcomm.com>
[    5.157318] PPP generic driver version 2.4.2
[    5.165043] ehci_hcd: USB 2.0 'Enhanced' Host Controller (EHCI) Driver
[    5.170301] ehci-pci: EHCI PCI platform driver
[    5.173483] ehci-platform: EHCI generic platform driver
[    5.181334] ohci_hcd: USB 1.1 'Open' Host Controller (OHCI) Driver
[    5.191467] ohci-pci: OHCI PCI platform driver
[    5.192950] ohci-platform: OHCI generic platform driver
[    5.201853] uhci_hcd: USB Universal Host Controller Interface driver
[    5.203671] i8042: PNP: PS/2 Controller [PNP0303:PS2K,PNP0f03:PS2M] at 0x60,0x64 irq 1,12
[    5.226490] serio: i8042 KBD port at 0x60,0x64 irq 1
[    5.232442] serio: i8042 AUX port at 0x60,0x64 irq 12
[    5.242306] mousedev: PS/2 mouse device common for all mice
[    5.249166] input: AT Translated Set 2 keyboard as /devices/platform/i8042/serio0/input/input2
[    5.256482] rtc_cmos rtc_cmos: rtc core: registered rtc_cmos as rtc0
[    5.270210] rtc_cmos rtc_cmos: alarms up to one day, 114 bytes nvram
[    5.273900] i2c /dev entries driver
[    5.275158] device-mapper: uevent: version 1.0.3
[    5.284786] device-mapper: ioctl: 4.34.0-ioctl (2015-10-28) initialised: dm-devel@redhat.com
[    5.299673] ledtrig-cpu: registered to indicate activity on CPUs
[    5.319754] NET: Registered protocol family 10
[    5.331166] NET: Registered protocol family 17
[    5.337627] Key type dns_resolver registered
[    5.348012] registered taskstats version 1
[    5.366077] Loading compiled-in X.509 certificates
[    5.380121] Loaded X.509 cert 'Build time autogenerated kernel key: 97a7db5071cab428e7f67f96f51ed8d32b3fc527'
[    5.402825] zswap: loaded using pool lzo/zbud
[    5.407217] Key type trusted registered
[    5.435395] Key type encrypted registered
[    5.449974] AppArmor: AppArmor sha1 policy hashing enabled
[    5.455505] ima: No TPM chip found, activating TPM-bypass!
[    5.469123] evm: HMAC attrs: 0x1
[    5.473255]   Magic number: 14:728:1003
[    5.474137] input input0: hash matches
[    5.474996] vc vcs: hash matches
[    5.475813] rtc_cmos rtc_cmos: setting system clock to 2018-12-15 20:57:57 UTC (1544907477)
[    5.478961] BIOS EDD facility v0.16 2004-Jun-25, 0 devices found
[    5.488573] EDD information not available.
[    5.492134] Freeing unused kernel memory: 1508K
[    5.502469] Write protecting the kernel read-only data: 14336k
[    5.504068] Freeing unused kernel memory: 1696K
[    5.509545] Freeing unused kernel memory: 100K
Loading, please wait...
startin[    5.537205] random: udevadm: uninitialized urandom read (16 bytes read, 3 bits of entropy available)
g version 229
[    5.575591] random: systemd-udevd: uninitialized urandom read (16 bytes read, 3 bits of entropy available)
[    5.605028] random: systemd-udevd: uninitialized urandom read (16 bytes read, 3 bits of entropy available)
[    5.609207] random: systemd-udevd: uninitialized urandom read (16 bytes read, 3 bits of entropy available)
[    5.611229] random: systemd-udevd: uninitialized urandom read (16 bytes read, 3 bits of entropy available)
[    5.629442] random: udevadm: uninitialized urandom read (16 bytes read, 3 bits of entropy available)
[    5.665161] random: systemd-udevd: uninitialized urandom read (16 bytes read, 3 bits of entropy available)
[    5.682259] random: udevadm: uninitialized urandom read (16 bytes read, 3 bits of entropy available)
[    5.727610] tsc: Refined TSC clocksource calibration: 2494.508 MHz
[    5.729017] clocksource: tsc: mask: 0xffffffffffffffff max_cycles: 0x23f4f5e8a96, max_idle_ns: 440795296332 ns
[    5.769587] random: systemd-udevd: uninitialized urandom read (16 bytes read, 3 bits of entropy available)
[    5.771596] random: systemd-udevd: uninitialized urandom read (16 bytes read, 3 bits of entropy available)
[    5.870122] Fusion MPT base driver 3.04.20
[    5.877419] Copyright (c) 1999-2008 LSI Corporation
[    5.885129] e1000: Intel(R) PRO/1000 Network Driver - version 7.3.21-k8-NAPI
[    5.935243] e1000: Copyright (c) 1999-2006 Intel Corporation.
[    6.006788] AVX version of gcm_enc/dec engaged.
[    6.045808] AES CTR mode by8 optimization enabled
[    6.093805] Fusion MPT SPI Host driver 3.04.20
[    6.150404] mptbase: ioc0: Initiating bringup
[    6.174157] input: ImExPS/2 Generic Explorer Mouse as /devices/platform/i8042/serio1/input/input4
[    6.236482] ioc0: LSI53C1030 A0: Capabilities={Initiator}
[    6.401273] scsi host2: ioc0: LSI53C1030 A0, FwRev=00000000h, Ports=1, MaxQ=256, IRQ=20
[    6.573573] scsi 2:0:0:0: Direct-Access     VBOX     HARDDISK         1.0  PQ: 0 ANSI: 5
[    6.648180] scsi target2:0:0: Beginning Domain Validation
[    6.779074] scsi target2:0:0: Domain Validation skipping write tests
[    6.828316] scsi target2:0:0: Ending Domain Validation
[    6.972616] scsi target2:0:0: asynchronous
[    7.025617] scsi 2:0:1:0: Direct-Access     VBOX     HARDDISK         1.0  PQ: 0 ANSI: 5
[    7.044041] scsi target2:0:1: Beginning Domain Validation
[    7.161335] scsi target2:0:1: Domain Validation skipping write tests
[    7.195760] scsi target2:0:1: Ending Domain Validation
[    7.247797] scsi target2:0:1: asynchronous
[    7.259680] sd 2:0:0:0: Attached scsi generic sg0 type 0
[    7.294778] sd 2:0:0:0: [sda] 20971520 512-byte logical blocks: (10.7 GB/10.0 GiB)
[    7.361440] sd 2:0:1:0: [sdb] 20480 512-byte logical blocks: (10.5 MB/10.0 MiB)
[    7.462214] sd 2:0:1:0: Attached scsi generic sg1 type 0
[    7.483552] e1000 0000:00:03.0 eth0: (PCI:33MHz:32-bit) 02:ee:24:bb:8a:f6
[    7.515364] e1000 0000:00:03.0 eth0: Intel(R) PRO/1000 Network Connection
[    7.573472] sd 2:0:0:0: [sda] Write Protect is off
[    7.587659] sd 2:0:1:0: [sdb] Write Protect is off
[    7.600455] sd 2:0:1:0: [sdb] Incomplete mode parameter data
[    7.609073] sd 2:0:1:0: [sdb] Assuming drive cache: write through
[    7.612068] sd 2:0:0:0: [sda] Incomplete mode parameter data
[    7.615026] sd 2:0:0:0: [sda] Assuming drive cache: write through
[    7.660267]  sda: sda1
[    7.673542] sd 2:0:0:0: [sda] Attached SCSI disk
[    7.675916] sd 2:0:1:0: [sdb] Attached SCSI disk
[    8.022003] e1000 0000:00:08.0 eth1: (PCI:33MHz:32-bit) 08:00:27:9f:e5:49
[    8.057182] e1000 0000:00:08.0 eth1: Intel(R) PRO/1000 Network Connection
[    8.105510] e1000 0000:00:08.0 enp0s8: renamed from eth1
[    8.148673] e1000 0000:00:03.0 enp0s3: renamed from eth0
Begin: Loading e[    9.492107] md: linear personality registered for level -1
ssential drivers[    9.560939] md: multipath personality registered for level -4
 ... [    9.652530] md: raid0 personality registered for level 0
[    9.675128] md: raid1 personality registered for level 1
[    9.807969] raid6: sse2x1   gen()  6439 MB/s
[    9.892081] raid6: sse2x1   xor()  5463 MB/s
[    9.967878] raid6: sse2x2   gen()  9025 MB/s
[   10.072227] raid6: sse2x2   xor()  6590 MB/s
[   10.147905] raid6: sse2x4   gen() 10855 MB/s
[   10.236333] raid6: sse2x4   xor()  7750 MB/s
[   10.288964] raid6: using algorithm sse2x4 gen() 10855 MB/s
[   10.297743] raid6: .... xor() 7750 MB/s, rmw enabled
[   10.340985] raid6: using ssse3x2 recovery algorithm
[   10.346476] xor: automatically using best checksumming function:
[   10.431990]    avx       : 14812.000 MB/sec
[   10.472845] async_tx: api initialized (async)
[   10.538125] md: raid6 personality registered for level 6
[   10.576930] md: raid5 personality registered for level 5
[   10.665981] md: raid4 personality registered for level 4
[   10.706279] md: raid10 personality registered for level 10
done.
Begin: Running /scripts/init-premount ... done.
Begin: Mounti[   10.850363] Btrfs loaded
ng root file system ... Begin: Running /scripts/local-top ... done.
Begin: Running /scripts/local-premount ... Scanning for Btrfs filesystems
done.
Warning: fsck not present, so skipping root file system
[   11.040958] EXT4-fs (sda1): mounted filesystem with ordered data mode. Opts: (null)
done.
Begin: Running /scripts/local-bottom ... done.
Begin: Running /scripts/init-bottom ... done.
[   11.932159] random: nonblocking pool is initialized
[   12.301482] systemd[1]: systemd 229 running in system mode. (+PAM +AUDIT +SELINUX +IMA +APPARMOR +SMACK +SYSVINIT +UTMP +LIBCRYPTSETUP +GCRYPT +GNUTLS +ACL +XZ -LZ4 +SECCOMP +BLKID +ELFUTILS +KMOD -IDN)
[   12.450898] systemd[1]: Detected virtualization oracle.
[   12.471406] systemd[1]: Detected architecture x86-64.

Welcome to [1mUbuntu 16.04.4 LTS[0m!

[   12.585313] systemd[1]: Set hostname to <ubuntu>.
[   12.675193] systemd[1]: Initializing machine ID from random generator.
[   12.699040] systemd[1]: Installed transient /etc/machine-id file.
[   14.474415] systemd[1]: Started Trigger resolvconf update for networkd DNS.
[[0;32m  OK  [0m] Started Trigger resolvconf update for networkd DNS.
[   14.580464] systemd[1]: Reached target Encrypted Volumes.
[[0;32m  OK  [0m] Reached target Encrypted Volumes.
[   14.681104] systemd[1]: Listening on Syslog Socket.
[[0;32m  OK  [0m] Listening on Syslog Socket.
[   14.764769] systemd[1]: Created slice User and Session Slice.
[[0;32m  OK  [0m] Created slice User and Session Slice.
[   14.844386] systemd[1]: Listening on LVM2 metadata daemon socket.
[[0;32m  OK  [0m] Listening on LVM2 metadata daemon socket.
[   14.858762] systemd[1]: Listening on LVM2 poll daemon socket.
[[0;32m  OK  [0m] Listening on LVM2 poll daemon socket.
[   14.863299] systemd[1]: Listening on Journal Socket (/dev/log).
[[0;32m  OK  [0m] Listening on Journal Socket (/dev/log).
[   14.964300] systemd[1]: Listening on Device-mapper event daemon FIFOs.
[[0;32m  OK  [0m] Listening on Device-mapper event daemon FIFOs.
[   15.037005] systemd[1]: Listening on Journal Socket.
[[0;32m  OK  [0m] Listening on Journal Socket.
[   15.100427] systemd[1]: Reached target User and Group Name Lookups.
[[0;32m  OK  [0m] Reached target User and Group Name Lookups.
[   15.196300] systemd[1]: Listening on Journal Audit Socket.
[[0;32m  OK  [0m] Listening on Journal Audit Socket.
[   15.256222] systemd[1]: Reached target System Time Synchronized.
[[0;32m  OK  [0m] Reached target System Time Synchronized.
[   15.292137] systemd[1]: Listening on udev Kernel Socket.
[[0;32m  OK  [0m] Listening on udev Kernel Socket.
[   15.304824] systemd[1]: Created slice System Slice.
[[0;32m  OK  [0m] Created slice System Slice.
[   15.356559] systemd[1]: Created slice system-serial\x2dgetty.slice.
[[0;32m  OK  [0m] Created slice system-serial\x2dgetty.slice.
[   15.461004] systemd[1]: Starting Journal Service...
         Starting Journal Service...
[   15.549156] systemd[1]: Mounting Huge Pages File System...
         Mounting Huge Pages File System...
[   15.637672] systemd[1]: Starting Monitoring of LVM2 mirrors, snapshots etc. using dmeventd or progress polling...
         Starting Monitoring of LVM2 mirrors... dmeventd or progress polling...
[   15.804046] systemd[1]: Reached target Slices.
[[0;32m  OK  [0m] Reached target Slices.
[   15.948933] systemd[1]: Starting Remount Root and Kernel File Systems...
         Starting Remount Root and Kernel File Systems...
[   16.009740] systemd[1]: Starting Uncomplicated firewall...
[   16.034831] EXT4-fs (sda1): re-mounted. Opts: (null)
         Starting Uncomplicated firewall...
[   16.109070] systemd[1]: Starting Set console keymap...
         Starting Set console keymap...
[   16.209823] systemd[1]: Mounting Debug File System...
         Mounting Debug File System...
[   16.328660] systemd[1]: Starting Load Kernel Modules...
         Starting Load Kernel Modules...
[   16.350600] systemd[1]: Starting Create list of required static device nodes for the current kernel...
         Starting Create list of required st... nodes for the current kernel...
[   16.372727] systemd[1]: Listening on udev Control Socket.
[[0;32m  OK  [0m] Listening on udev Control Socket.
[   16.392149] systemd[1]: Mounting POSIX Message Queue File System...
         Mounting POSIX Message Queue File System...
[   16.469358] systemd[1]: Reached target Swap.
[[0;32m  OK  [0m] Reached target Swap.
[   16.484180] systemd[1]: Set up automount Arbitrary Executable File Formats File System Automount Point.
[[0;32m  OK  [0m] Set up automount Arbitrary Executab...ats File System Automount Point.
[   16.594224] Loading iSCSI transport class v2.0-870.
[   16.668887] systemd[1]: Starting Nameserver information manager...
         Starting Nameserver information manager...
[   16.744561] iscsi: registered transport (tcp)
[   16.776458] systemd[1]: Started Forward Password Requests to Wall Directory Watch.
[[0;32m  OK  [0m] Started Forward Password Requests to Wall Directory Watch.
[   16.908102] systemd[1]: Listening on /dev/initctl Compatibility Named Pipe.
[[0;32m  OK  [0m] Listening on [   17.001231] iscsi: registered transport (iser)
/dev/initctl Compatibility Named Pipe.
[   17.050182] systemd[1]: Mounted POSIX Message Queue File System.
[[0;32m  OK  [0m] Mounted POSIX Message Queue File System.
[   17.152803] systemd[1]: Mounted Debug File System.
[[0;32m  OK  [0m] Mounted Debug File System.
[   17.157737] systemd[1]: Mounted Huge Pages File System.
[[0;32m  OK  [0m] Mounted Huge Pages File System.
[   17.256200] systemd[1]: Started Journal Service.
[[0;32m  OK  [0m] Started Journal Service.
[[0;32m  OK  [0m] Started Remount Root and Kernel File Systems.
[[0;32m  OK  [0m] Started Uncomplicated firewall.
[[0;32m  OK  [0m] Started Set console keymap.
[[0;32m  OK  [0m] Started Load Kernel Modules.
[[0;32m  OK  [0m] Started Create list of required sta...ce nodes for the current kernel.
[[0;32m  OK  [0m] Started Nameserver information manager.
[[0;32m  OK  [0m] Started LVM2 metadata daemon.
         Starting Create Static Device Nodes in /dev...
         Starting Apply Kernel Variables...
         Mounting FUSE Control File System...
         Starting udev Coldplug all Devices...
         Starting Initial cloud-init job (pre-networking)...
         Starting Load/Save Random Seed...
         Starting Flush Journal to Persistent Storage...
[[0;32m  OK  [0m] Mounted FUSE Control File System.
[[0;32m  OK  [0m] Started Monitoring of LVM2 mirrors,...ng dmeventd or progress polling.
[[0;32m  OK  [0m] Started Apply Kernel Variables.
[[0;32m  OK  [0m] Started udev Coldplug all Devices.
[[0;32m  OK  [0m] Started Load/Save Random Seed.
[[0;32m  OK  [0m] Started Flush Journal to Persistent Storage.
[[0;32m  OK  [0m] Started Create Static Device Nodes in /dev.
         Starting udev Kernel Device Manager...
[[0;32m  OK  [0m] Started udev Kernel Device Manager.
[[0;32m  OK  [0m] Reached target Local File Systems (Pre).
[[0;32m  OK  [0m] Reached target Local File Systems.
         Starting Set console font and keymap...
         Starting LSB: AppArmor initialization...
         Starting Tell Plymouth To Write Out Runtime Data...
         Starting Commit a transient machine-id on disk...
         Starting Create Volatile Files and Directories...
[[0;32m  OK  [0m] Started Dispatch Password Requests to Console Directory Watch.
[[0;32m  OK  [0m] Started Tell Plymouth To Write Out Runtime Data.
[[0;32m  OK  [0m] Started Commit a transient machine-id on disk.
[[0;32m  OK  [0m] Found device /dev/ttyS0.
[[0;32m  OK  [0m] Started Create Volatile Files and Directories.
         Starting Update UTMP about System Boot/Shutdown...
[[0;32m  OK  [0m] Started Update UTMP about System Boot/Shutdown.
[[0;32m  OK  [0m] Listening on Load/Save RF Kill Switch Status /dev/rfkill Watch.
[[0;32m  OK  [0m] Started LSB: AppArmor initialization.
[[0;32m  OK  [0m] Started Set console font and keymap.
[[0;32m  OK  [0m] Created slice system-getty.slice.
[   26.192254] cloud-init[448]: Cloud-init v. 18.2 running 'init-local' at Sat, 15 Dec 2018 20:58:19 +0000. Up 25.46 seconds.
[[0;32m  OK  [0m] Started Initial cloud-init job (pre-networking).
[[0;32m  OK  [0m] Reached target Network (Pre).
         Starting Raise network interfaces...
[[0;32m  OK  [0m] Started Raise network interfaces.
         Starting Initial cloud-init job (metadata service crawler)...
[[0;32m  OK  [0m] Reached target Network.
[   30.027833] cloud-init[955]: Cloud-init v. 18.2 running 'init' at Sat, 15 Dec 2018 20:58:21 +0000. Up 27.38 seconds.
[   30.140563] cloud-init[955]: ci-info: ++++++++++++++++++++++++++++++++++++++Net device info++++++++++++++++++++++++++++++++++++++
[[0;32m  OK  [0m] Started Initial cloud-init job (metadata service crawler).
[   30.299855] cloud-init[955]: ci-info: +--------+-------+----------------------------+---------------+-------+-------------------+
[   30.553064] cloud-init[955]: ci-info: | Device |   Up  |          Address           |      Mask     | Scope |     Hw-Address    |
[   30.596510] cloud-init[955]: ci-info: +--------+-------+----------------------------+---------------+-------+-------------------+
[[0;32m  OK  [0m] Reached target Cloud-config availability.
[[0;32m  OK  [0m] Reached target System Initialization.
[   30.697358] cloud-init[955]: ci-info: | enp0s3 |  True |         10.0.2.15          | 255.255.255.0 |   .   | 02:ee:24:bb:8a:f6 |
[   30.918494] cloud-init[955]: ci-info: | enp0s3 |  True | fe80::ee:24ff:febb:8af6/64 |       .       |  link | 02:ee:24:bb:8a:f6 |
[   31.029014] cloud-init[955]: ci-info: | enp0s8 | False |             .              |       .       |   .   | 08:00:27:9f:e5:49 |
[   31.030815] cloud-init[955]: ci-info: |   lo   |  True |         127.0.0.1          |   255.0.0.0   |   .   |         .         |
[   31.030930] cloud-init[955]: ci-info: |   lo   |  True |          ::1/128           |       .       |  host |         .         |
[   31.031033] cloud-init[955]: ci-info: +--------+-------+----------------------------+---------------+-------+-------------------+
[   31.031143] cloud-init[955]: ci-info: +++++++++++++++++++++++++++Route IPv4 info++++++++++++++++++++++++++++
[   31.031234] cloud-init[955]: ci-info: +-------+-------------+----------+---------------+-----------+-------+
[   31.031325] cloud-init[955]: ci-info: | Route | Destination | Gateway  |    Genmask    | Interface | Flags |
[   31.031411] cloud-init[955]: ci-info: +-------+-------------+----------+---------------+-----------+-------+
[   31.031563] cloud-init[955]: ci-info: |   0   |   0.0.0.0   | 10.0.2.2 |    0.0.0.0    |   enp0s3  |   UG  |
[   31.031651] cloud-init[955]: ci-info: |   1   |   10.0.2.0  | 0.0.0.0  | 255.255.255.0 |   enp0s3  |   U   |
[   31.031703] cloud-init[955]: ci-info: +-------+-------------+----------+---------------+-----------+-------+
[   31.031891] cloud-init[955]: Generating public/private rsa key pair.
[   31.031966] cloud-init[955]: Your identification has been saved in /etc/ssh/ssh_host_rsa_key.
[   31.032016] cloud-init[955]: Your public key has been saved in /etc/ssh/ssh_host_rsa_key.pub.
[   31.032077] cloud-init[955]: The key fingerprint is:
[   31.032159] cloud-init[955]: SHA256:esSPodenlAYqsYMJA3MeB5fYYlcXWZCzD4uanAMAjF0 root@ubuntu-xenial
[   31.032251] cloud-init[955]: The key's randomart image is:
[[0;32m  OK  [0m] Started ACPI Events Check.
[[0;32m  OK  [0m] Reached target Paths.
[   31.032343] cloud-init[955]: +---[RSA 2048]----+
[   31.532215] cloud-init[955]: |o..+Eo. +*.      |
[   31.547000] [[0;32m  OK  [0m] Listening on D-Bus System Message Bus Socket.
cloud-init[955]: |o.=o+  .+        |
[   31.556242] cloud-init[955]: |+.oo.    o       |
[   31.563441]          Starting LXD - unix socket.
[[0;32m  OK  [0m] Listening on ACPID Listen Socket.
[[0;32m  OK  [0m] Started Daily Cleanup of Temporary Directories.
[[0;32m  OK  [0m] Started Daily apt download activities.
[[0;32m  OK  [0m] Started Daily apt upgrade and clean activities.
         Starting Socket activation for snappy daemon.
[[0;32m  OK  [0m] Listening on UUID daemon activation socket.
[[0;32m  OK  [0m] Reached target Timers.
[[0;32m  OK  [0m] Reached target Network is Online.
         Starting iSCSI initiator daemon (iscsid)...
cloud-init[955]: |o+ o   .o        |
[[0;32m  OK  [0m] Listening on LXD - unix socket.
[[0;32m  OK  [0m] Listening on Socket activation for snappy daemon.
[   31.631434] cloud-init[955]: |o.. .  .S+       |
[   31.688388] cloud-init[955]: | o.o o.=.*..     |
[[0;32m  OK  [0m] Reached target Sockets.
[[0;32m  OK  [0m] Reached target Basic System.
[   31.704577] cloud-init[955]: |  oo+++ + * .    |
[   31.725931] cloud-init[955]: |    *o o o o     |
         [   31.744300] cloud-init[955]: |     .    .      |
[   31.744421] cloud-init[955]: +----[SHA256]-----+
[   31.744529] cloud-init[955]: Generating public/private dsa key pair.
[   31.744624] cloud-init[955]: Your identification has been saved in /etc/ssh/ssh_host_dsa_key.
[   31.744714] cloud-init[955]: Your public key has been saved in /etc/ssh/ssh_host_dsa_key.pub.
[   31.744807] cloud-init[955]: The key fingerprint is:
[   31.744862] cloud-init[955]: SHA256:fuJ5T72Avqh1j2tHBhLd1KHpT+sy6k1fgrb89e0/XfA root@ubuntu-xenial
[   31.744911] cloud-init[955]: The key's randomart image is:
[   31.744961] cloud-init[955]: +---[DSA 1024]----+
[   31.745031] cloud-init[955]: |         . o.... |
[   31.745083] cloud-init[955]: |        . . .o.  |
[   31.745131] cloud-init[955]: |         .  o    |
[   31.745178] cloud-init[955]: |        . ..  .  |
[   31.745227] cloud-init[955]: |        S. .. .o |
[   31.745275] cloud-init[955]: |       .   .o= .E|
[   31.745323] cloud-init[955]: |        + +o* = =|
[   31.745506] cloud-init[955]: |       o BoO+= *+|
[   31.745599] cloud-init[955]: |      ..++B**+=.B|
[   31.745692] cloud-init[955]: +----[SHA256]-----+
[   31.745780] cloud-init[955]: Generating public/private ecdsa key pair.
[   31.745872] cloud-init[955]: Your identification has been saved in /etc/ssh/ssh_host_ecdsa_key.
[   31.745977] cloud-init[955]: Your public key has been saved in /etc/ssh/ssh_host_ecdsa_key.pub.
[   31.746069] cloud-init[955]: The key fingerprint is:
[   31.746160] cloud-init[955]: SHA256:rOv+iJMR7fTXaZih6cgtqLT7jk5PsYZB65tGFW6qWu8 root@ubuntu-xenial
[   31.746256] cloud-init[955]: The key's randomart image is:
[   31.746414] cloud-init[955]: +---[ECDSA 256]---+
[   31.746511] cloud-init[955]: |                 |
[   31.746571] cloud-init[955]: |    .            |
[   31.746620] cloud-init[955]: |  .. o           |
[   31.746706] cloud-init[955]: | . .= o.  .      |
[   31.746775] cloud-init[955]: |  o+.+ .So = .   |
[   31.746835] cloud-init[955]: | .oo.o..+ + +    |
[   31.746903] cloud-init[955]: | o* +=.+ . .     |
[   31.746991] cloud-init[955]: |.+.X+.+oo        |
[   31.747070] cloud-init[955]: |ooO*E+=o.        |
[   31.747119] cloud-init[955]: +----[SHA256]-----+
[   31.747167] cloud-init[955]: Generating public/private ed25519 key pair.
[   31.747233] cloud-init[955]: Your identification has been saved in /etc/ssh/ssh_host_ed25519_key.
[   31.747288] cloud-init[955]: Your public key has been saved in /etc/ssh/ssh_host_ed25519_key.pub.
[   31.747824] cloud-init[955]: The key fingerprint is:
[   31.747887] cloud-init[955]: SHA256:+N2jwzfpM3bHH8wF7T0/M74hqPMQrME3O1Tdh5bxtKc root@ubuntu-xenial
[   31.747973] cloud-init[955]: The key's randomart image is:
[   31.748070] cloud-init[955]: +--[ED25519 256]--+
[   31.748167] cloud-init[955]: |              . .|
Starting System Logging Service...
[   31.748388] cloud-init[955]: |            . .B.|
[   31.955190] cloud-init[955]: |           . .=o=|
[   31.960350] cloud-init[955]: |      ... .  . ++|
[   31.961607] cloud-init[955]: |      .oS*    E.+|
[   31.961716] cloud-init[955]: |       .=.+.. o +|
[   31.961809] cloud-init[955]: |       ..=..oo X.|
[   31.961902] cloud-init[955]: |         .*.B.+ O|
[   31.962606] cloud-init[955]: |         .+*.= ++|
[   31.962708] cloud-init[955]: +----[SHA256]-----+
[[0;32m  OK  [0m] Started Unattended Upgrades Shutdown.
         Starting /etc/rc.local Compatibility...
         Starting LXD - container startup/shutdown...
         Starting LSB: MD monitoring daemon...
         Starting Snappy daemon...
[[0;32m  OK  [0m] Started ACPI event daemon.
         Starting LSB: Record successful boot for GRUB...
         Starting Accounts Service...
         Starting Virtualbox guest utils...
[[0;32m  OK  [0m] Started FUSE filesystem for LXC.
         Starting Pollinate to seed the pseudo random number generator...
[[0;32m  OK  [0m] Started D-Bus System Message Bus.
         Starting Login Service...
         Starting Apply the settings specified in cloud-config...
[[0;32m  OK  [0m] Started Regular background program processing daemon.
[[0;32m  OK  [0m] Started Deferred execution scheduler.
[[0;32m  OK  [0m] Started System Logging Service.
[[0;32m  OK  [0m] Started iSCSI initiator daemon (iscsid).
[[0;32m  OK  [0m] Started /etc/rc.local Compatibility.
         Starting Login to default iSCSI targets...
[[0;32m  OK  [0m] Started Login Service.
[[0;32m  OK  [0m] Started LSB: Record successful boot for GRUB.
[[0;32m  OK  [0m] Started Login to default iSCSI targets.
[[0;32m  OK  [0m] Reached target Remote File Systems (Pre).
[[0;32m  OK  [0m] Reached target Remote File Systems.
         Starting Permit User Sessions...
         Starting LSB: daemon to balance interrupts for SMP systems...
         Starting LSB: automatic crash report generation...
         Starting LSB: Set the CPU Frequency Scaling governor to "ondemand"...
[[0;32m  OK  [0m] Started Permit User Sessions.
[[0;32m  OK  [0m] Started LSB: MD monitoring daemon.
         Starting Terminate Plymouth Boot Screen...
         Starting Hold until boot process finishes up...
[[0;32m  OK  [0m] Started Terminate Plymouth Boot Screen.
[[0;32m  OK  [0m] Started Hold until boot process finishes up.
[[0;32m  OK  [0m] Started LSB: Set the CPU Frequency Scaling governor to "ondemand".
[[0;32m  OK  [0m] Started LSB: daemon to balance interrupts for SMP systems.
         Starting Authenticate and Authorize Users to Run Privileged Tasks...
         Starting Set console scheme...
[[0;32m  OK  [0m] Started Serial Getty on ttyS0.
[[0;32m  OK  [0m] Started Getty on tty1.
[[0;32m  OK  [0m] Reached target Login Prompts.
[[0;32m  OK  [0m] Started LSB: automatic crash report generation.
[[0;32m  OK  [0m] Started Set console scheme.
[   37.067908] cloud-init[1153]: Generating locales (this might take a while)...
[[0;32m  OK  [0m] Started Virtualbox guest utils.
[[0;32m  OK  [0m] Started Authenticate and Authorize Users to Run Privileged Tasks.
[[0;32m  OK  [0m] Started Accounts Service.
[[0;32m  OK  [0m] Started Snappy daemon.
[[0;32m  OK  [0m] Started Pollinate to seed the pseudo random number generator.
         Starting OpenBSD Secure Shell server...
[[0;32m  OK  [0m] Started OpenBSD Secure Shell server.
[[0;32m  OK  [0m] Started LXD - container startup/shutdown.
[[0;32m  OK  [0m] Reached target Multi-User System.
[[0;32m  OK  [0m] Reached target Graphical Interface.
         Starting Update UTMP about System Runlevel Changes...
[[0;32m  OK  [0m] Started Update UTMP about System Runlevel Changes.
[   39.515265] cloud-init[1153]:   en_US.UTF-8... done
[   39.530862] cloud-init[1153]: Generation complete.
[[0;32m  OK  [0m] Created slice User Slice of vagrant.
         Starting User Manager for UID 1000...
[[0;32m  OK  [0m] Started Session 1 of user vagrant.
[[0;32m  OK  [0m] Started User Manager for UID 1000.
[   41.655394] cloud-init[1153]: Cloud-init v. 18.2 running 'modules:config' at Sat, 15 Dec 2018 20:58:28 +0000. Up 34.81 seconds.
ci-info: no authorized ssh keys fingerprints found for user ubuntu.
<14>Dec 15 20:58:36 ec2: 
<14>Dec 15 20:58:36 ec2: #############################################################
<14>Dec 15 20:58:36 ec2: -----BEGIN SSH HOST KEY FINGERPRINTS-----
<14>Dec 15 20:58:36 ec2: 1024 SHA256:fuJ5T72Avqh1j2tHBhLd1KHpT+sy6k1fgrb89e0/XfA root@ubuntu-xenial (DSA)
<14>Dec 15 20:58:36 ec2: 256 SHA256:rOv+iJMR7fTXaZih6cgtqLT7jk5PsYZB65tGFW6qWu8 root@ubuntu-xenial (ECDSA)
<14>Dec 15 20:58:36 ec2: 256 SHA256:+N2jwzfpM3bHH8wF7T0/M74hqPMQrME3O1Tdh5bxtKc root@ubuntu-xenial (ED25519)
<14>Dec 15 20:58:36 ec2: 2048 SHA256:esSPodenlAYqsYMJA3MeB5fYYlcXWZCzD4uanAMAjF0 root@ubuntu-xenial (RSA)
<14>Dec 15 20:58:36 ec2: -----END SSH HOST KEY FINGERPRINTS-----
<14>Dec 15 20:58:36 ec2: #############################################################
-----BEGIN SSH HOST KEY KEYS-----
ecdsa-sha2-nistp256 AAAAE2VjZHNhLXNoYTItbmlzdHAyNTYAAAAIbmlzdHAyNTYAAABBBA58jglB/fqFaXX2ZIZb1FTTbqdmmneBNroMqXWscYOl9xCbWpCq/tQlP9M2DP6o8VPGSObZ+/U6UzfryvoXcrs= root@ubuntu-xenial
ssh-ed25519 AAAAC3NzaC1lZDI1NTE5AAAAIP851MW6zizf/7TQLeWIgFj4rI208jDurboPmGYz2oFE root@ubuntu-xenial
ssh-rsa AAAAB3NzaC1yc2EAAAADAQABAAABAQCibfSF0hielI4BWxRJCq6d3Tzu3mp1hGdYTVHM8A0wVk8hvPNwqmkcIcYhRBgLD9oiGPZrOCkbue3PUE5al1ADHGPbHoCP/barS3zeG6d/tQnAAeF5nwSXE/59kRZh+rsxMvwdz6I4cL0jVw0+iSuGDeGj6TNpFBZcUtiq+RYjFkE8S36YYQ4DL4wmqhPm459xjfZaocsyCAxBVK8LOTi1K5AkLxsVC4kmZTqRSCwn+PdWce3QmZ/KH804I2aFQCLw/U/ssgLYCTdaCmZXQVxpacOlHGy8zj2iG1F05XnFLDEsx0Fp8SnFTSHUVKiWHeIbyxo+WPs4SDAa0aG4hTIJ root@ubuntu-xenial
-----END SSH HOST KEY KEYS-----
[   42.632462] cloud-init[1389]: Cloud-init v. 18.2 running 'modules:final' at Sat, 15 Dec 2018 20:58:36 +0000. Up 42.16 seconds.
[   42.632709] cloud-init[1389]: ci-info: no authorized ssh keys fingerprints found for user ubuntu.
[   42.632845] cloud-init[1389]: Cloud-init v. 18.2 finished at Sat, 15 Dec 2018 20:58:36 +0000. Datasource DataSourceNoCloud [seed=/dev/sdb][dsmode=net].  Up 42.61 seconds

Ubuntu 16.04.4 LTS ubuntu-xenial ttyS0

ubuntu-xenial login: 